<?xml version="1.0" encoding="UTF-8"?>
<!-- Generated by org.testng.reporters.JUnitXMLReporter -->
<testsuite ignored="0" hostname="DESKTOP-72P05TN" failures="0" tests="24" name="Default test" time="138.664" errors="0" timestamp="2026-01-01T22:21:39 IST">
  <testcase classname="tests.CheckoutFlow" name="TC_CHECKOUT_001_Checkout_Step_One_Valid_Info" time="0.677"/>
  <testcase classname="tests.CheckoutFlow" name="TC_CHECKOUT_002_Checkout_Empty_First_Name" time="0.585"/>
  <testcase classname="tests.CheckoutFlow" name="TC_CHECKOUT_003_Checkout_Empty_Last_Name" time="0.919"/>
  <testcase classname="tests.CheckoutFlow" name="TC_CHECKOUT_004_Checkout_Empty_Postal_Code" time="1.094"/>
  <testcase classname="tests.CheckoutFlow" name="TC_CHECKOUT_005_Checkout_All_Fields_Empty" time="1.156"/>
  <testcase classname="tests.CheckoutFlow" name="TC_CHECKOUT_006_Cancel_from_Checkout_Step_One" time="0.862"/>
  <testcase classname="tests.CheckoutFlow" name="TC_CHECKOUT_007_Verify_Checkout_Overview_Details" time="1.223"/>
  <testcase classname="tests.CheckoutFlow" name="TC_CHECKOUT_008_Verify_Multiple_Items_in_Overview" time="2.052"/>
  <testcase classname="tests.CheckoutFlow" name="TC_CHECKOUT_009_Verify_Tax_Calculation" time="1.306"/>
  <testcase classname="tests.CheckoutFlow" name="TC_CHECKOUT_010_Cancel_from_Overview_Page" time="0.946"/>
  <testcase classname="tests.CheckoutFlow" name="TC_CHECKOUT_011_Complete_Purchase" time="1.08"/>
  <testcase classname="tests.CheckoutFlow" name="TC_CHECKOUT_012_Verify_Order_Confirmation_Message" time="1.208"/>
  <testcase classname="tests.CheckoutFlow" name="TC_CHECKOUT_013_Return_Home_After_Purchase" time="1.624"/>
  <testcase classname="tests.CheckoutFlow" name="TC_CHECKOUT_014_Cart_Clears_After_Purchase" time="1.438"/>
  <testcase classname="tests.CheckoutFlow" name="TC_CHECKOUT_015_End_to_End_Happy_Path" time="1.478"/>
  <testcase classname="tests.CheckoutFlow" name="TC_CHECKOUT_016_Postal_Code_Format_Validation" time="0.733"/>
  <testcase classname="tests.CheckoutFlow" name="TC_CHECKOUT_016_Postal_Code_Format_Validation" time="1.067"/>
  <testcase classname="tests.CheckoutFlow" name="TC_CHECKOUT_016_Postal_Code_Format_Validation" time="0.907"/>
  <testcase classname="tests.CheckoutFlow" name="TC_CHECKOUT_016_Postal_Code_Format_Validation" time="0.895"/>
  <testcase classname="tests.CheckoutFlow" name="TC_CHECKOUT_016_Postal_Code_Format_Validation" time="0.644"/>
  <testcase classname="tests.CheckoutFlow" name="TC_CHECKOUT_016_Postal_Code_Format_Validation" time="0.766"/>
  <testcase classname="tests.CheckoutFlow" name="TC_CHECKOUT_016_Postal_Code_Format_Validation" time="0.872"/>
  <testcase classname="tests.CheckoutFlow" name="TC_CHECKOUT_016_Postal_Code_Format_Validation" time="0.623"/>
  <testcase classname="tests.CheckoutFlow" name="TC_CHECKOUT_016_Postal_Code_Format_Validation" time="0.601"/>
</testsuite> <!-- Default test -->
