<?xml version="1.0" encoding="UTF-8"?>
<!-- Generated by org.testng.reporters.JUnitXMLReporter -->
<testsuite ignored="0" hostname="DESKTOP-72P05TN" failures="0" tests="3" name="Default test" time="15.498" errors="0" timestamp="2025-12-24T23:35:26 IST">
  <testcase classname="tests.CartOperations" name="TC_CART_001_View_Cart_with_Single_Item" time="0.332"/>
  <testcase classname="tests.CartOperations" name="TC_CART_002_View_Cart_with_Multiple_Items" time="0.413"/>
  <testcase classname="tests.CartOperations" name="TC_CART_003_Remove_Item_from_Cart" time="0.343"/>
</testsuite> <!-- Default test -->
