<?xml version="1.0" encoding="UTF-8"?>
<!-- Generated by org.testng.reporters.JUnitReportReporter -->
<testsuite hostname="DESKTOP-72P05TN" failures="0" tests="2" name="com.playwright.EcommerceTest" time="15.621" errors="0" timestamp="2025-12-14T14:01:25 IST" skipped="0">
  <testcase classname="com.playwright.EcommerceTest" name="addProductToCart" time="12.713"/>
  <testcase classname="com.playwright.EcommerceTest" name="removeProductFromCart" time="2.908"/>
</testsuite> <!-- com.playwright.EcommerceTest -->
