<?xml version="1.0" encoding="UTF-8"?>
<!-- Generated by org.testng.reporters.JUnitReportReporter -->
<testsuite hostname="DESKTOP-72P05TN" failures="0" tests="3" name="com.playwright.EcommerceTest" time="13.089" errors="0" timestamp="2025-12-07T21:12:06 IST" skipped="0">
  <testcase classname="com.playwright.EcommerceTest" name="openWebsite" time="8.776"/>
  <testcase classname="com.playwright.EcommerceTest" name="loginWebsite" time="2.181"/>
  <testcase classname="com.playwright.EcommerceTest" name="addProductToCart" time="2.132"/>
</testsuite> <!-- com.playwright.EcommerceTest -->
